remove ncview 2.1.7 (GCC) library and binaries.
remove Scientific Linux 7 libraries.
remove netcdf 4.3.3 (GCC) library and binaries.
The following modules were not unloaded:
  (Use "module --force purge" to unload all):

  1) slurm
load cdo 1.9.3 (GCC) library and binaries.
load hdf5 1.10.1 (gcc) library and binaries.
load Scientific Linux 7 libraries.
remove Scientific Linux 7 libraries.
load Scientific Linux 7 libraries.
remove Scientific Linux 7 libraries.
load Scientific Linux 7 libraries.
load nco 4.7.5 (gcc) library and binaries.
load netcdf 4.6.1 (GCC) library and binaries.
remove Scientific Linux 7 libraries.
load Scientific Linux 7 libraries.
remove Scientific Linux 7 libraries.
load Scientific Linux 7 libraries.
cdo sinfo: Processed 1 variable [0.02s 36MB]
cdo setmissval: Started child process "sellonlatbox,104,107,8.5,11.5 -ifthen /lustre/nobackup/WUR/ESG/marin052/isimip3b/input/mask_5m_global.nc -remapbil,/lustre/nobackup/WUR/ESG/marin052/isimip3b/input/clone_5m_global.nc -setmisstonn /lustre/backup/WUR/ESG/data/MODEL_DATA/VIC/FORCING/VICWUR/WFDE5/daily/vp_daily_WFDE5_CRU/vp_daily_WFDE5_CRU_1990.nc (pipe1.1)".
cdo(2) sellonlatbox: Started child process "ifthen /lustre/nobackup/WUR/ESG/marin052/isimip3b/input/mask_5m_global.nc -remapbil,/lustre/nobackup/WUR/ESG/marin052/isimip3b/input/clone_5m_global.nc -setmisstonn /lustre/backup/WUR/ESG/data/MODEL_DATA/VIC/FORCING/VICWUR/WFDE5/daily/vp_daily_WFDE5_CRU/vp_daily_WFDE5_CRU_1990.nc (pipe2.1)".
cdo(3) ifthen: Started child process "remapbil,/lustre/nobackup/WUR/ESG/marin052/isimip3b/input/clone_5m_global.nc -setmisstonn /lustre/backup/WUR/ESG/data/MODEL_DATA/VIC/FORCING/VICWUR/WFDE5/daily/vp_daily_WFDE5_CRU/vp_daily_WFDE5_CRU_1990.nc (pipe3.1)".
cdo(4) remapbil: Started child process "setmisstonn /lustre/backup/WUR/ESG/data/MODEL_DATA/VIC/FORCING/VICWUR/WFDE5/daily/vp_daily_WFDE5_CRU/vp_daily_WFDE5_CRU_1990.nc (pipe4.1)".
cdo(3) ifthen: Filling up stream1 >/lustre/nobackup/WUR/ESG/marin052/isimip3b/input/mask_5m_global.nc< by copying the first timestep.
cdo(4) remapbil: SCRIP bilinear weights from lonlat (720x360) to lonlat (4320x1680) grid
cdo(5) setmisstonn: Processed 94608000 values from 1 variable over 365 timesteps [2622.61s]
cdo(4) remapbil: Processed 94608000 values from 1 variable over 365 timesteps [2622.66s]
cdo(3) ifthen: Processed 2656281600 values from 2 variables over 366 timesteps [2622.69s]
cdo(2) sellonlatbox: Processed 2649024000 values from 1 variable over 365 timesteps [2622.69s]
cdo setmissval: Processed 473040 values from 1 variable over 365 timesteps [2622.69s 1639MB]
cdo setmissval: Started child process "sellonlatbox,104,107,8.5,11.5 -ifthen /lustre/nobackup/WUR/ESG/marin052/isimip3b/input/mask_5m_global.nc -remapbil,/lustre/nobackup/WUR/ESG/marin052/isimip3b/input/clone_5m_global.nc -setmisstonn /lustre/backup/WUR/ESG/data/MODEL_DATA/VIC/FORCING/VICWUR/WFDE5/daily/vp_daily_WFDE5_CRU/vp_daily_WFDE5_CRU_1991.nc (pipe1.1)".
cdo(2) sellonlatbox: Started child process "ifthen /lustre/nobackup/WUR/ESG/marin052/isimip3b/input/mask_5m_global.nc -remapbil,/lustre/nobackup/WUR/ESG/marin052/isimip3b/input/clone_5m_global.nc -setmisstonn /lustre/backup/WUR/ESG/data/MODEL_DATA/VIC/FORCING/VICWUR/WFDE5/daily/vp_daily_WFDE5_CRU/vp_daily_WFDE5_CRU_1991.nc (pipe2.1)".
cdo(3) ifthen: Started child process "remapbil,/lustre/nobackup/WUR/ESG/marin052/isimip3b/input/clone_5m_global.nc -setmisstonn /lustre/backup/WUR/ESG/data/MODEL_DATA/VIC/FORCING/VICWUR/WFDE5/daily/vp_daily_WFDE5_CRU/vp_daily_WFDE5_CRU_1991.nc (pipe3.1)".
cdo(4) remapbil: Started child process "setmisstonn /lustre/backup/WUR/ESG/data/MODEL_DATA/VIC/FORCING/VICWUR/WFDE5/daily/vp_daily_WFDE5_CRU/vp_daily_WFDE5_CRU_1991.nc (pipe4.1)".
cdo(3) ifthen: Filling up stream1 >/lustre/nobackup/WUR/ESG/marin052/isimip3b/input/mask_5m_global.nc< by copying the first timestep.
cdo(4) remapbil: SCRIP bilinear weights from lonlat (720x360) to lonlat (4320x1680) grid
cdo(5) setmisstonn: Processed 94608000 values from 1 variable over 365 timesteps [2625.58s]
cdo(4) remapbil: Processed 94608000 values from 1 variable over 365 timesteps [2625.63s]
cdo(3) ifthen: Processed 2656281600 values from 2 variables over 366 timesteps [2625.66s]
cdo(2) sellonlatbox: Processed 2649024000 values from 1 variable over 365 timesteps [2625.66s]
cdo setmissval: Processed 473040 values from 1 variable over 365 timesteps [2625.66s 1638MB]
cdo setmissval: Started child process "sellonlatbox,104,107,8.5,11.5 -ifthen /lustre/nobackup/WUR/ESG/marin052/isimip3b/input/mask_5m_global.nc -remapbil,/lustre/nobackup/WUR/ESG/marin052/isimip3b/input/clone_5m_global.nc -setmisstonn /lustre/backup/WUR/ESG/data/MODEL_DATA/VIC/FORCING/VICWUR/WFDE5/daily/vp_daily_WFDE5_CRU/vp_daily_WFDE5_CRU_1992.nc (pipe1.1)".
cdo(2) sellonlatbox: Started child process "ifthen /lustre/nobackup/WUR/ESG/marin052/isimip3b/input/mask_5m_global.nc -remapbil,/lustre/nobackup/WUR/ESG/marin052/isimip3b/input/clone_5m_global.nc -setmisstonn /lustre/backup/WUR/ESG/data/MODEL_DATA/VIC/FORCING/VICWUR/WFDE5/daily/vp_daily_WFDE5_CRU/vp_daily_WFDE5_CRU_1992.nc (pipe2.1)".
cdo(3) ifthen: Started child process "remapbil,/lustre/nobackup/WUR/ESG/marin052/isimip3b/input/clone_5m_global.nc -setmisstonn /lustre/backup/WUR/ESG/data/MODEL_DATA/VIC/FORCING/VICWUR/WFDE5/daily/vp_daily_WFDE5_CRU/vp_daily_WFDE5_CRU_1992.nc (pipe3.1)".
cdo(4) remapbil: Started child process "setmisstonn /lustre/backup/WUR/ESG/data/MODEL_DATA/VIC/FORCING/VICWUR/WFDE5/daily/vp_daily_WFDE5_CRU/vp_daily_WFDE5_CRU_1992.nc (pipe4.1)".
cdo(3) ifthen: Filling up stream1 >/lustre/nobackup/WUR/ESG/marin052/isimip3b/input/mask_5m_global.nc< by copying the first timestep.
cdo(4) remapbil: SCRIP bilinear weights from lonlat (720x360) to lonlat (4320x1680) grid
cdo(5) setmisstonn: Processed 94867200 values from 1 variable over 366 timesteps [2629.96s]
cdo(4) remapbil: Processed 94867200 values from 1 variable over 366 timesteps [2630.01s]
cdo(3) ifthen: Processed 2663539200 values from 2 variables over 367 timesteps [2630.03s]
cdo(2) sellonlatbox: Processed 2656281600 values from 1 variable over 366 timesteps [2630.04s]
cdo setmissval: Processed 474336 values from 1 variable over 366 timesteps [2630.04s 1638MB]
cdo setmissval: Started child process "sellonlatbox,104,107,8.5,11.5 -ifthen /lustre/nobackup/WUR/ESG/marin052/isimip3b/input/mask_5m_global.nc -remapbil,/lustre/nobackup/WUR/ESG/marin052/isimip3b/input/clone_5m_global.nc -setmisstonn /lustre/backup/WUR/ESG/data/MODEL_DATA/VIC/FORCING/VICWUR/WFDE5/daily/vp_daily_WFDE5_CRU/vp_daily_WFDE5_CRU_1993.nc (pipe1.1)".
cdo(2) sellonlatbox: Started child process "ifthen /lustre/nobackup/WUR/ESG/marin052/isimip3b/input/mask_5m_global.nc -remapbil,/lustre/nobackup/WUR/ESG/marin052/isimip3b/input/clone_5m_global.nc -setmisstonn /lustre/backup/WUR/ESG/data/MODEL_DATA/VIC/FORCING/VICWUR/WFDE5/daily/vp_daily_WFDE5_CRU/vp_daily_WFDE5_CRU_1993.nc (pipe2.1)".
cdo(3) ifthen: Started child process "remapbil,/lustre/nobackup/WUR/ESG/marin052/isimip3b/input/clone_5m_global.nc -setmisstonn /lustre/backup/WUR/ESG/data/MODEL_DATA/VIC/FORCING/VICWUR/WFDE5/daily/vp_daily_WFDE5_CRU/vp_daily_WFDE5_CRU_1993.nc (pipe3.1)".
cdo(4) remapbil: Started child process "setmisstonn /lustre/backup/WUR/ESG/data/MODEL_DATA/VIC/FORCING/VICWUR/WFDE5/daily/vp_daily_WFDE5_CRU/vp_daily_WFDE5_CRU_1993.nc (pipe4.1)".
cdo(3) ifthen: Filling up stream1 >/lustre/nobackup/WUR/ESG/marin052/isimip3b/input/mask_5m_global.nc< by copying the first timestep.
cdo(4) remapbil: SCRIP bilinear weights from lonlat (720x360) to lonlat (4320x1680) grid
cdo(5) setmisstonn: Processed 94608000 values from 1 variable over 365 timesteps [2625.87s]
cdo(4) remapbil: Processed 94608000 values from 1 variable over 365 timesteps [2625.93s]
cdo(3) ifthen: Processed 2656281600 values from 2 variables over 366 timesteps [2625.97s]
cdo(2) sellonlatbox: Processed 2649024000 values from 1 variable over 365 timesteps [2625.97s]
cdo setmissval: Processed 473040 values from 1 variable over 365 timesteps [2625.97s 1638MB]
cdo setmissval: Started child process "sellonlatbox,104,107,8.5,11.5 -ifthen /lustre/nobackup/WUR/ESG/marin052/isimip3b/input/mask_5m_global.nc -remapbil,/lustre/nobackup/WUR/ESG/marin052/isimip3b/input/clone_5m_global.nc -setmisstonn /lustre/backup/WUR/ESG/data/MODEL_DATA/VIC/FORCING/VICWUR/WFDE5/daily/vp_daily_WFDE5_CRU/vp_daily_WFDE5_CRU_1994.nc (pipe1.1)".
cdo(2) sellonlatbox: Started child process "ifthen /lustre/nobackup/WUR/ESG/marin052/isimip3b/input/mask_5m_global.nc -remapbil,/lustre/nobackup/WUR/ESG/marin052/isimip3b/input/clone_5m_global.nc -setmisstonn /lustre/backup/WUR/ESG/data/MODEL_DATA/VIC/FORCING/VICWUR/WFDE5/daily/vp_daily_WFDE5_CRU/vp_daily_WFDE5_CRU_1994.nc (pipe2.1)".
cdo(3) ifthen: Started child process "remapbil,/lustre/nobackup/WUR/ESG/marin052/isimip3b/input/clone_5m_global.nc -setmisstonn /lustre/backup/WUR/ESG/data/MODEL_DATA/VIC/FORCING/VICWUR/WFDE5/daily/vp_daily_WFDE5_CRU/vp_daily_WFDE5_CRU_1994.nc (pipe3.1)".
cdo(4) remapbil: Started child process "setmisstonn /lustre/backup/WUR/ESG/data/MODEL_DATA/VIC/FORCING/VICWUR/WFDE5/daily/vp_daily_WFDE5_CRU/vp_daily_WFDE5_CRU_1994.nc (pipe4.1)".
cdo(3) ifthen: Filling up stream1 >/lustre/nobackup/WUR/ESG/marin052/isimip3b/input/mask_5m_global.nc< by copying the first timestep.
cdo(4) remapbil: SCRIP bilinear weights from lonlat (720x360) to lonlat (4320x1680) grid
cdo(5) setmisstonn: Processed 94608000 values from 1 variable over 365 timesteps [2619.62s]
cdo(4) remapbil: Processed 94608000 values from 1 variable over 365 timesteps [2619.68s]
cdo(3) ifthen: Processed 2656281600 values from 2 variables over 366 timesteps [2619.71s]
cdo(2) sellonlatbox: Processed 2649024000 values from 1 variable over 365 timesteps [2619.72s]
cdo setmissval: Processed 473040 values from 1 variable over 365 timesteps [2619.72s 1638MB]
cdo setmissval: Started child process "sellonlatbox,104,107,8.5,11.5 -ifthen /lustre/nobackup/WUR/ESG/marin052/isimip3b/input/mask_5m_global.nc -remapbil,/lustre/nobackup/WUR/ESG/marin052/isimip3b/input/clone_5m_global.nc -setmisstonn /lustre/backup/WUR/ESG/data/MODEL_DATA/VIC/FORCING/VICWUR/WFDE5/daily/vp_daily_WFDE5_CRU/vp_daily_WFDE5_CRU_1995.nc (pipe1.1)".
cdo(2) sellonlatbox: Started child process "ifthen /lustre/nobackup/WUR/ESG/marin052/isimip3b/input/mask_5m_global.nc -remapbil,/lustre/nobackup/WUR/ESG/marin052/isimip3b/input/clone_5m_global.nc -setmisstonn /lustre/backup/WUR/ESG/data/MODEL_DATA/VIC/FORCING/VICWUR/WFDE5/daily/vp_daily_WFDE5_CRU/vp_daily_WFDE5_CRU_1995.nc (pipe2.1)".
cdo(3) ifthen: Started child process "remapbil,/lustre/nobackup/WUR/ESG/marin052/isimip3b/input/clone_5m_global.nc -setmisstonn /lustre/backup/WUR/ESG/data/MODEL_DATA/VIC/FORCING/VICWUR/WFDE5/daily/vp_daily_WFDE5_CRU/vp_daily_WFDE5_CRU_1995.nc (pipe3.1)".
cdo(4) remapbil: Started child process "setmisstonn /lustre/backup/WUR/ESG/data/MODEL_DATA/VIC/FORCING/VICWUR/WFDE5/daily/vp_daily_WFDE5_CRU/vp_daily_WFDE5_CRU_1995.nc (pipe4.1)".
cdo(3) ifthen: Filling up stream1 >/lustre/nobackup/WUR/ESG/marin052/isimip3b/input/mask_5m_global.nc< by copying the first timestep.
cdo(4) remapbil: SCRIP bilinear weights from lonlat (720x360) to lonlat (4320x1680) grid
cdo(5) setmisstonn: Processed 94608000 values from 1 variable over 365 timesteps [2623.59s]
cdo(4) remapbil: Processed 94608000 values from 1 variable over 365 timesteps [2623.64s]
cdo(3) ifthen: Processed 2656281600 values from 2 variables over 366 timesteps [2623.66s]
cdo(2) sellonlatbox: Processed 2649024000 values from 1 variable over 365 timesteps [2623.67s]
cdo setmissval: Processed 473040 values from 1 variable over 365 timesteps [2623.68s 1639MB]
cdo setmissval: Started child process "sellonlatbox,104,107,8.5,11.5 -ifthen /lustre/nobackup/WUR/ESG/marin052/isimip3b/input/mask_5m_global.nc -remapbil,/lustre/nobackup/WUR/ESG/marin052/isimip3b/input/clone_5m_global.nc -setmisstonn /lustre/backup/WUR/ESG/data/MODEL_DATA/VIC/FORCING/VICWUR/WFDE5/daily/vp_daily_WFDE5_CRU/vp_daily_WFDE5_CRU_1996.nc (pipe1.1)".
cdo(2) sellonlatbox: Started child process "ifthen /lustre/nobackup/WUR/ESG/marin052/isimip3b/input/mask_5m_global.nc -remapbil,/lustre/nobackup/WUR/ESG/marin052/isimip3b/input/clone_5m_global.nc -setmisstonn /lustre/backup/WUR/ESG/data/MODEL_DATA/VIC/FORCING/VICWUR/WFDE5/daily/vp_daily_WFDE5_CRU/vp_daily_WFDE5_CRU_1996.nc (pipe2.1)".
cdo(3) ifthen: Started child process "remapbil,/lustre/nobackup/WUR/ESG/marin052/isimip3b/input/clone_5m_global.nc -setmisstonn /lustre/backup/WUR/ESG/data/MODEL_DATA/VIC/FORCING/VICWUR/WFDE5/daily/vp_daily_WFDE5_CRU/vp_daily_WFDE5_CRU_1996.nc (pipe3.1)".
cdo(4) remapbil: Started child process "setmisstonn /lustre/backup/WUR/ESG/data/MODEL_DATA/VIC/FORCING/VICWUR/WFDE5/daily/vp_daily_WFDE5_CRU/vp_daily_WFDE5_CRU_1996.nc (pipe4.1)".
cdo(3) ifthen: Filling up stream1 >/lustre/nobackup/WUR/ESG/marin052/isimip3b/input/mask_5m_global.nc< by copying the first timestep.
cdo(4) remapbil: SCRIP bilinear weights from lonlat (720x360) to lonlat (4320x1680) grid
cdo(5) setmisstonn: Processed 94867200 values from 1 variable over 366 timesteps [2629.93s]
cdo(4) remapbil: Processed 94867200 values from 1 variable over 366 timesteps [2629.98s]
cdo(3) ifthen: Processed 2663539200 values from 2 variables over 367 timesteps [2630.00s]
cdo(2) sellonlatbox: Processed 2656281600 values from 1 variable over 366 timesteps [2630.03s]
cdo setmissval: Processed 474336 values from 1 variable over 366 timesteps [2630.03s 1639MB]
cdo setmissval: Started child process "sellonlatbox,104,107,8.5,11.5 -ifthen /lustre/nobackup/WUR/ESG/marin052/isimip3b/input/mask_5m_global.nc -remapbil,/lustre/nobackup/WUR/ESG/marin052/isimip3b/input/clone_5m_global.nc -setmisstonn /lustre/backup/WUR/ESG/data/MODEL_DATA/VIC/FORCING/VICWUR/WFDE5/daily/vp_daily_WFDE5_CRU/vp_daily_WFDE5_CRU_1997.nc (pipe1.1)".
cdo(2) sellonlatbox: Started child process "ifthen /lustre/nobackup/WUR/ESG/marin052/isimip3b/input/mask_5m_global.nc -remapbil,/lustre/nobackup/WUR/ESG/marin052/isimip3b/input/clone_5m_global.nc -setmisstonn /lustre/backup/WUR/ESG/data/MODEL_DATA/VIC/FORCING/VICWUR/WFDE5/daily/vp_daily_WFDE5_CRU/vp_daily_WFDE5_CRU_1997.nc (pipe2.1)".
cdo(3) ifthen: Started child process "remapbil,/lustre/nobackup/WUR/ESG/marin052/isimip3b/input/clone_5m_global.nc -setmisstonn /lustre/backup/WUR/ESG/data/MODEL_DATA/VIC/FORCING/VICWUR/WFDE5/daily/vp_daily_WFDE5_CRU/vp_daily_WFDE5_CRU_1997.nc (pipe3.1)".
cdo(4) remapbil: Started child process "setmisstonn /lustre/backup/WUR/ESG/data/MODEL_DATA/VIC/FORCING/VICWUR/WFDE5/daily/vp_daily_WFDE5_CRU/vp_daily_WFDE5_CRU_1997.nc (pipe4.1)".
cdo(3) ifthen: Filling up stream1 >/lustre/nobackup/WUR/ESG/marin052/isimip3b/input/mask_5m_global.nc< by copying the first timestep.
cdo(4) remapbil: SCRIP bilinear weights from lonlat (720x360) to lonlat (4320x1680) grid
cdo(5) setmisstonn: Processed 94608000 values from 1 variable over 365 timesteps [2624.14s]
cdo(4) remapbil: Processed 94608000 values from 1 variable over 365 timesteps [2624.19s]
cdo(3) ifthen: Processed 2656281600 values from 2 variables over 366 timesteps [2624.22s]
cdo(2) sellonlatbox: Processed 2649024000 values from 1 variable over 365 timesteps [2624.22s]
cdo setmissval: Processed 473040 values from 1 variable over 365 timesteps [2624.24s 1639MB]
cdo setmissval: Started child process "sellonlatbox,104,107,8.5,11.5 -ifthen /lustre/nobackup/WUR/ESG/marin052/isimip3b/input/mask_5m_global.nc -remapbil,/lustre/nobackup/WUR/ESG/marin052/isimip3b/input/clone_5m_global.nc -setmisstonn /lustre/backup/WUR/ESG/data/MODEL_DATA/VIC/FORCING/VICWUR/WFDE5/daily/vp_daily_WFDE5_CRU/vp_daily_WFDE5_CRU_1998.nc (pipe1.1)".
cdo(2) sellonlatbox: Started child process "ifthen /lustre/nobackup/WUR/ESG/marin052/isimip3b/input/mask_5m_global.nc -remapbil,/lustre/nobackup/WUR/ESG/marin052/isimip3b/input/clone_5m_global.nc -setmisstonn /lustre/backup/WUR/ESG/data/MODEL_DATA/VIC/FORCING/VICWUR/WFDE5/daily/vp_daily_WFDE5_CRU/vp_daily_WFDE5_CRU_1998.nc (pipe2.1)".
cdo(3) ifthen: Started child process "remapbil,/lustre/nobackup/WUR/ESG/marin052/isimip3b/input/clone_5m_global.nc -setmisstonn /lustre/backup/WUR/ESG/data/MODEL_DATA/VIC/FORCING/VICWUR/WFDE5/daily/vp_daily_WFDE5_CRU/vp_daily_WFDE5_CRU_1998.nc (pipe3.1)".
cdo(4) remapbil: Started child process "setmisstonn /lustre/backup/WUR/ESG/data/MODEL_DATA/VIC/FORCING/VICWUR/WFDE5/daily/vp_daily_WFDE5_CRU/vp_daily_WFDE5_CRU_1998.nc (pipe4.1)".
cdo(3) ifthen: Filling up stream1 >/lustre/nobackup/WUR/ESG/marin052/isimip3b/input/mask_5m_global.nc< by copying the first timestep.
cdo(4) remapbil: SCRIP bilinear weights from lonlat (720x360) to lonlat (4320x1680) grid
cdo(5) setmisstonn: Processed 94608000 values from 1 variable over 365 timesteps [2624.81s]
cdo(4) remapbil: Processed 94608000 values from 1 variable over 365 timesteps [2624.86s]
cdo(3) ifthen: Processed 2656281600 values from 2 variables over 366 timesteps [2624.88s]
cdo(2) sellonlatbox: Processed 2649024000 values from 1 variable over 365 timesteps [2624.89s]
cdo setmissval: Processed 473040 values from 1 variable over 365 timesteps [2624.89s 1639MB]
cdo setmissval: Started child process "sellonlatbox,104,107,8.5,11.5 -ifthen /lustre/nobackup/WUR/ESG/marin052/isimip3b/input/mask_5m_global.nc -remapbil,/lustre/nobackup/WUR/ESG/marin052/isimip3b/input/clone_5m_global.nc -setmisstonn /lustre/backup/WUR/ESG/data/MODEL_DATA/VIC/FORCING/VICWUR/WFDE5/daily/vp_daily_WFDE5_CRU/vp_daily_WFDE5_CRU_1999.nc (pipe1.1)".
cdo(2) sellonlatbox: Started child process "ifthen /lustre/nobackup/WUR/ESG/marin052/isimip3b/input/mask_5m_global.nc -remapbil,/lustre/nobackup/WUR/ESG/marin052/isimip3b/input/clone_5m_global.nc -setmisstonn /lustre/backup/WUR/ESG/data/MODEL_DATA/VIC/FORCING/VICWUR/WFDE5/daily/vp_daily_WFDE5_CRU/vp_daily_WFDE5_CRU_1999.nc (pipe2.1)".
cdo(3) ifthen: Started child process "remapbil,/lustre/nobackup/WUR/ESG/marin052/isimip3b/input/clone_5m_global.nc -setmisstonn /lustre/backup/WUR/ESG/data/MODEL_DATA/VIC/FORCING/VICWUR/WFDE5/daily/vp_daily_WFDE5_CRU/vp_daily_WFDE5_CRU_1999.nc (pipe3.1)".
cdo(4) remapbil: Started child process "setmisstonn /lustre/backup/WUR/ESG/data/MODEL_DATA/VIC/FORCING/VICWUR/WFDE5/daily/vp_daily_WFDE5_CRU/vp_daily_WFDE5_CRU_1999.nc (pipe4.1)".
cdo(3) ifthen: Filling up stream1 >/lustre/nobackup/WUR/ESG/marin052/isimip3b/input/mask_5m_global.nc< by copying the first timestep.
cdo(4) remapbil: SCRIP bilinear weights from lonlat (720x360) to lonlat (4320x1680) grid
cdo(5) setmisstonn: Processed 94608000 values from 1 variable over 365 timesteps [2619.89s]
cdo(4) remapbil: Processed 94608000 values from 1 variable over 365 timesteps [2619.94s]
cdo(3) ifthen: Processed 2656281600 values from 2 variables over 366 timesteps [2619.98s]
cdo(2) sellonlatbox: Processed 2649024000 values from 1 variable over 365 timesteps [2619.98s]
cdo setmissval: Processed 473040 values from 1 variable over 365 timesteps [2619.98s 1638MB]
cdo setmissval: Started child process "sellonlatbox,104,107,8.5,11.5 -ifthen /lustre/nobackup/WUR/ESG/marin052/isimip3b/input/mask_5m_global.nc -remapbil,/lustre/nobackup/WUR/ESG/marin052/isimip3b/input/clone_5m_global.nc -setmisstonn /lustre/backup/WUR/ESG/data/MODEL_DATA/VIC/FORCING/VICWUR/WFDE5/daily/vp_daily_WFDE5_CRU/vp_daily_WFDE5_CRU_2000.nc (pipe1.1)".
cdo(2) sellonlatbox: Started child process "ifthen /lustre/nobackup/WUR/ESG/marin052/isimip3b/input/mask_5m_global.nc -remapbil,/lustre/nobackup/WUR/ESG/marin052/isimip3b/input/clone_5m_global.nc -setmisstonn /lustre/backup/WUR/ESG/data/MODEL_DATA/VIC/FORCING/VICWUR/WFDE5/daily/vp_daily_WFDE5_CRU/vp_daily_WFDE5_CRU_2000.nc (pipe2.1)".
cdo(3) ifthen: Started child process "remapbil,/lustre/nobackup/WUR/ESG/marin052/isimip3b/input/clone_5m_global.nc -setmisstonn /lustre/backup/WUR/ESG/data/MODEL_DATA/VIC/FORCING/VICWUR/WFDE5/daily/vp_daily_WFDE5_CRU/vp_daily_WFDE5_CRU_2000.nc (pipe3.1)".
cdo(4) remapbil: Started child process "setmisstonn /lustre/backup/WUR/ESG/data/MODEL_DATA/VIC/FORCING/VICWUR/WFDE5/daily/vp_daily_WFDE5_CRU/vp_daily_WFDE5_CRU_2000.nc (pipe4.1)".
cdo(3) ifthen: Filling up stream1 >/lustre/nobackup/WUR/ESG/marin052/isimip3b/input/mask_5m_global.nc< by copying the first timestep.
cdo(4) remapbil: SCRIP bilinear weights from lonlat (720x360) to lonlat (4320x1680) grid
cdo(5) setmisstonn: Processed 94867200 values from 1 variable over 366 timesteps [2632.61s]
cdo(4) remapbil: Processed 94867200 values from 1 variable over 366 timesteps [2632.66s]
cdo(3) ifthen: Processed 2663539200 values from 2 variables over 367 timesteps [2632.68s]
cdo(2) sellonlatbox: Processed 2656281600 values from 1 variable over 366 timesteps [2632.69s]
cdo setmissval: Processed 474336 values from 1 variable over 366 timesteps [2632.69s 1638MB]
cdo setmissval: Started child process "sellonlatbox,104,107,8.5,11.5 -ifthen /lustre/nobackup/WUR/ESG/marin052/isimip3b/input/mask_5m_global.nc -remapbil,/lustre/nobackup/WUR/ESG/marin052/isimip3b/input/clone_5m_global.nc -setmisstonn /lustre/backup/WUR/ESG/data/MODEL_DATA/VIC/FORCING/VICWUR/WFDE5/daily/vp_daily_WFDE5_CRU/vp_daily_WFDE5_CRU_2001.nc (pipe1.1)".
cdo(2) sellonlatbox: Started child process "ifthen /lustre/nobackup/WUR/ESG/marin052/isimip3b/input/mask_5m_global.nc -remapbil,/lustre/nobackup/WUR/ESG/marin052/isimip3b/input/clone_5m_global.nc -setmisstonn /lustre/backup/WUR/ESG/data/MODEL_DATA/VIC/FORCING/VICWUR/WFDE5/daily/vp_daily_WFDE5_CRU/vp_daily_WFDE5_CRU_2001.nc (pipe2.1)".
cdo(3) ifthen: Started child process "remapbil,/lustre/nobackup/WUR/ESG/marin052/isimip3b/input/clone_5m_global.nc -setmisstonn /lustre/backup/WUR/ESG/data/MODEL_DATA/VIC/FORCING/VICWUR/WFDE5/daily/vp_daily_WFDE5_CRU/vp_daily_WFDE5_CRU_2001.nc (pipe3.1)".
cdo(4) remapbil: Started child process "setmisstonn /lustre/backup/WUR/ESG/data/MODEL_DATA/VIC/FORCING/VICWUR/WFDE5/daily/vp_daily_WFDE5_CRU/vp_daily_WFDE5_CRU_2001.nc (pipe4.1)".
cdo(3) ifthen: Filling up stream1 >/lustre/nobackup/WUR/ESG/marin052/isimip3b/input/mask_5m_global.nc< by copying the first timestep.
cdo(4) remapbil: SCRIP bilinear weights from lonlat (720x360) to lonlat (4320x1680) grid
cdo(5) setmisstonn: Processed 94608000 values from 1 variable over 365 timesteps [2623.81s]
cdo(4) remapbil: Processed 94608000 values from 1 variable over 365 timesteps [2623.84s]
cdo(3) ifthen: Processed 2656281600 values from 2 variables over 366 timesteps [2623.87s]
cdo(2) sellonlatbox: Processed 2649024000 values from 1 variable over 365 timesteps [2623.87s]
cdo setmissval: Processed 473040 values from 1 variable over 365 timesteps [2623.87s 1638MB]
cdo setmissval: Started child process "sellonlatbox,104,107,8.5,11.5 -ifthen /lustre/nobackup/WUR/ESG/marin052/isimip3b/input/mask_5m_global.nc -remapbil,/lustre/nobackup/WUR/ESG/marin052/isimip3b/input/clone_5m_global.nc -setmisstonn /lustre/backup/WUR/ESG/data/MODEL_DATA/VIC/FORCING/VICWUR/WFDE5/daily/vp_daily_WFDE5_CRU/vp_daily_WFDE5_CRU_2002.nc (pipe1.1)".
cdo(2) sellonlatbox: Started child process "ifthen /lustre/nobackup/WUR/ESG/marin052/isimip3b/input/mask_5m_global.nc -remapbil,/lustre/nobackup/WUR/ESG/marin052/isimip3b/input/clone_5m_global.nc -setmisstonn /lustre/backup/WUR/ESG/data/MODEL_DATA/VIC/FORCING/VICWUR/WFDE5/daily/vp_daily_WFDE5_CRU/vp_daily_WFDE5_CRU_2002.nc (pipe2.1)".
cdo(3) ifthen: Started child process "remapbil,/lustre/nobackup/WUR/ESG/marin052/isimip3b/input/clone_5m_global.nc -setmisstonn /lustre/backup/WUR/ESG/data/MODEL_DATA/VIC/FORCING/VICWUR/WFDE5/daily/vp_daily_WFDE5_CRU/vp_daily_WFDE5_CRU_2002.nc (pipe3.1)".
cdo(4) remapbil: Started child process "setmisstonn /lustre/backup/WUR/ESG/data/MODEL_DATA/VIC/FORCING/VICWUR/WFDE5/daily/vp_daily_WFDE5_CRU/vp_daily_WFDE5_CRU_2002.nc (pipe4.1)".
cdo(3) ifthen: Filling up stream1 >/lustre/nobackup/WUR/ESG/marin052/isimip3b/input/mask_5m_global.nc< by copying the first timestep.
cdo(4) remapbil: SCRIP bilinear weights from lonlat (720x360) to lonlat (4320x1680) grid
cdo(5) setmisstonn: Processed 94608000 values from 1 variable over 365 timesteps [2625.36s]
cdo(4) remapbil: Processed 94608000 values from 1 variable over 365 timesteps [2625.43s]
cdo(3) ifthen: Processed 2656281600 values from 2 variables over 366 timesteps [2625.47s]
cdo(2) sellonlatbox: Processed 2649024000 values from 1 variable over 365 timesteps [2625.47s]
cdo setmissval: Processed 473040 values from 1 variable over 365 timesteps [2625.47s 1639MB]
cdo setmissval: Started child process "sellonlatbox,104,107,8.5,11.5 -ifthen /lustre/nobackup/WUR/ESG/marin052/isimip3b/input/mask_5m_global.nc -remapbil,/lustre/nobackup/WUR/ESG/marin052/isimip3b/input/clone_5m_global.nc -setmisstonn /lustre/backup/WUR/ESG/data/MODEL_DATA/VIC/FORCING/VICWUR/WFDE5/daily/vp_daily_WFDE5_CRU/vp_daily_WFDE5_CRU_2003.nc (pipe1.1)".
cdo(2) sellonlatbox: Started child process "ifthen /lustre/nobackup/WUR/ESG/marin052/isimip3b/input/mask_5m_global.nc -remapbil,/lustre/nobackup/WUR/ESG/marin052/isimip3b/input/clone_5m_global.nc -setmisstonn /lustre/backup/WUR/ESG/data/MODEL_DATA/VIC/FORCING/VICWUR/WFDE5/daily/vp_daily_WFDE5_CRU/vp_daily_WFDE5_CRU_2003.nc (pipe2.1)".
cdo(3) ifthen: Started child process "remapbil,/lustre/nobackup/WUR/ESG/marin052/isimip3b/input/clone_5m_global.nc -setmisstonn /lustre/backup/WUR/ESG/data/MODEL_DATA/VIC/FORCING/VICWUR/WFDE5/daily/vp_daily_WFDE5_CRU/vp_daily_WFDE5_CRU_2003.nc (pipe3.1)".
cdo(4) remapbil: Started child process "setmisstonn /lustre/backup/WUR/ESG/data/MODEL_DATA/VIC/FORCING/VICWUR/WFDE5/daily/vp_daily_WFDE5_CRU/vp_daily_WFDE5_CRU_2003.nc (pipe4.1)".
cdo(3) ifthen: Filling up stream1 >/lustre/nobackup/WUR/ESG/marin052/isimip3b/input/mask_5m_global.nc< by copying the first timestep.
cdo(4) remapbil: SCRIP bilinear weights from lonlat (720x360) to lonlat (4320x1680) grid
cdo(5) setmisstonn: Processed 94608000 values from 1 variable over 365 timesteps [2627.78s]
cdo(4) remapbil: Processed 94608000 values from 1 variable over 365 timesteps [2627.83s]
cdo(3) ifthen: Processed 2656281600 values from 2 variables over 366 timesteps [2627.86s]
cdo(2) sellonlatbox: Processed 2649024000 values from 1 variable over 365 timesteps [2627.88s]
cdo setmissval: Processed 473040 values from 1 variable over 365 timesteps [2627.88s 1639MB]
cdo setmissval: Started child process "sellonlatbox,104,107,8.5,11.5 -ifthen /lustre/nobackup/WUR/ESG/marin052/isimip3b/input/mask_5m_global.nc -remapbil,/lustre/nobackup/WUR/ESG/marin052/isimip3b/input/clone_5m_global.nc -setmisstonn /lustre/backup/WUR/ESG/data/MODEL_DATA/VIC/FORCING/VICWUR/WFDE5/daily/vp_daily_WFDE5_CRU/vp_daily_WFDE5_CRU_2004.nc (pipe1.1)".
cdo(2) sellonlatbox: Started child process "ifthen /lustre/nobackup/WUR/ESG/marin052/isimip3b/input/mask_5m_global.nc -remapbil,/lustre/nobackup/WUR/ESG/marin052/isimip3b/input/clone_5m_global.nc -setmisstonn /lustre/backup/WUR/ESG/data/MODEL_DATA/VIC/FORCING/VICWUR/WFDE5/daily/vp_daily_WFDE5_CRU/vp_daily_WFDE5_CRU_2004.nc (pipe2.1)".
cdo(3) ifthen: Started child process "remapbil,/lustre/nobackup/WUR/ESG/marin052/isimip3b/input/clone_5m_global.nc -setmisstonn /lustre/backup/WUR/ESG/data/MODEL_DATA/VIC/FORCING/VICWUR/WFDE5/daily/vp_daily_WFDE5_CRU/vp_daily_WFDE5_CRU_2004.nc (pipe3.1)".
cdo(4) remapbil: Started child process "setmisstonn /lustre/backup/WUR/ESG/data/MODEL_DATA/VIC/FORCING/VICWUR/WFDE5/daily/vp_daily_WFDE5_CRU/vp_daily_WFDE5_CRU_2004.nc (pipe4.1)".
cdo(3) ifthen: Filling up stream1 >/lustre/nobackup/WUR/ESG/marin052/isimip3b/input/mask_5m_global.nc< by copying the first timestep.
cdo(4) remapbil: SCRIP bilinear weights from lonlat (720x360) to lonlat (4320x1680) grid
cdo(5) setmisstonn: Processed 94867200 values from 1 variable over 366 timesteps [2635.37s]
cdo(4) remapbil: Processed 94867200 values from 1 variable over 366 timesteps [2635.42s]
cdo(3) ifthen: Processed 2663539200 values from 2 variables over 367 timesteps [2635.45s]
cdo(2) sellonlatbox: Processed 2656281600 values from 1 variable over 366 timesteps [2635.45s]
cdo setmissval: Processed 474336 values from 1 variable over 366 timesteps [2635.45s 1638MB]
cdo setmissval: Started child process "sellonlatbox,104,107,8.5,11.5 -ifthen /lustre/nobackup/WUR/ESG/marin052/isimip3b/input/mask_5m_global.nc -remapbil,/lustre/nobackup/WUR/ESG/marin052/isimip3b/input/clone_5m_global.nc -setmisstonn /lustre/backup/WUR/ESG/data/MODEL_DATA/VIC/FORCING/VICWUR/WFDE5/daily/vp_daily_WFDE5_CRU/vp_daily_WFDE5_CRU_2005.nc (pipe1.1)".
cdo(2) sellonlatbox: Started child process "ifthen /lustre/nobackup/WUR/ESG/marin052/isimip3b/input/mask_5m_global.nc -remapbil,/lustre/nobackup/WUR/ESG/marin052/isimip3b/input/clone_5m_global.nc -setmisstonn /lustre/backup/WUR/ESG/data/MODEL_DATA/VIC/FORCING/VICWUR/WFDE5/daily/vp_daily_WFDE5_CRU/vp_daily_WFDE5_CRU_2005.nc (pipe2.1)".
cdo(3) ifthen: Started child process "remapbil,/lustre/nobackup/WUR/ESG/marin052/isimip3b/input/clone_5m_global.nc -setmisstonn /lustre/backup/WUR/ESG/data/MODEL_DATA/VIC/FORCING/VICWUR/WFDE5/daily/vp_daily_WFDE5_CRU/vp_daily_WFDE5_CRU_2005.nc (pipe3.1)".
cdo(4) remapbil: Started child process "setmisstonn /lustre/backup/WUR/ESG/data/MODEL_DATA/VIC/FORCING/VICWUR/WFDE5/daily/vp_daily_WFDE5_CRU/vp_daily_WFDE5_CRU_2005.nc (pipe4.1)".
cdo(3) ifthen: Filling up stream1 >/lustre/nobackup/WUR/ESG/marin052/isimip3b/input/mask_5m_global.nc< by copying the first timestep.
cdo(4) remapbil: SCRIP bilinear weights from lonlat (720x360) to lonlat (4320x1680) grid
cdo(5) setmisstonn: Processed 94608000 values from 1 variable over 365 timesteps [2626.29s]
cdo(4) remapbil: Processed 94608000 values from 1 variable over 365 timesteps [2626.34s]
cdo(3) ifthen: Processed 2656281600 values from 2 variables over 366 timesteps [2626.39s]
cdo(2) sellonlatbox: Processed 2649024000 values from 1 variable over 365 timesteps [2626.39s]
cdo setmissval: Processed 473040 values from 1 variable over 365 timesteps [2626.39s 1639MB]
cdo setmissval: Started child process "sellonlatbox,104,107,8.5,11.5 -ifthen /lustre/nobackup/WUR/ESG/marin052/isimip3b/input/mask_5m_global.nc -remapbil,/lustre/nobackup/WUR/ESG/marin052/isimip3b/input/clone_5m_global.nc -setmisstonn /lustre/backup/WUR/ESG/data/MODEL_DATA/VIC/FORCING/VICWUR/WFDE5/daily/vp_daily_WFDE5_CRU/vp_daily_WFDE5_CRU_2006.nc (pipe1.1)".
cdo(2) sellonlatbox: Started child process "ifthen /lustre/nobackup/WUR/ESG/marin052/isimip3b/input/mask_5m_global.nc -remapbil,/lustre/nobackup/WUR/ESG/marin052/isimip3b/input/clone_5m_global.nc -setmisstonn /lustre/backup/WUR/ESG/data/MODEL_DATA/VIC/FORCING/VICWUR/WFDE5/daily/vp_daily_WFDE5_CRU/vp_daily_WFDE5_CRU_2006.nc (pipe2.1)".
cdo(3) ifthen: Started child process "remapbil,/lustre/nobackup/WUR/ESG/marin052/isimip3b/input/clone_5m_global.nc -setmisstonn /lustre/backup/WUR/ESG/data/MODEL_DATA/VIC/FORCING/VICWUR/WFDE5/daily/vp_daily_WFDE5_CRU/vp_daily_WFDE5_CRU_2006.nc (pipe3.1)".
cdo(4) remapbil: Started child process "setmisstonn /lustre/backup/WUR/ESG/data/MODEL_DATA/VIC/FORCING/VICWUR/WFDE5/daily/vp_daily_WFDE5_CRU/vp_daily_WFDE5_CRU_2006.nc (pipe4.1)".
cdo(3) ifthen: Filling up stream1 >/lustre/nobackup/WUR/ESG/marin052/isimip3b/input/mask_5m_global.nc< by copying the first timestep.
cdo(4) remapbil: SCRIP bilinear weights from lonlat (720x360) to lonlat (4320x1680) grid
cdo(5) setmisstonn: Processed 94608000 values from 1 variable over 365 timesteps [2624.97s]
cdo(4) remapbil: Processed 94608000 values from 1 variable over 365 timesteps [2625.04s]
cdo(3) ifthen: Processed 2656281600 values from 2 variables over 366 timesteps [2625.07s]
cdo(2) sellonlatbox: Processed 2649024000 values from 1 variable over 365 timesteps [2625.07s]
cdo setmissval: Processed 473040 values from 1 variable over 365 timesteps [2625.07s 1640MB]
cdo setmissval: Started child process "sellonlatbox,104,107,8.5,11.5 -ifthen /lustre/nobackup/WUR/ESG/marin052/isimip3b/input/mask_5m_global.nc -remapbil,/lustre/nobackup/WUR/ESG/marin052/isimip3b/input/clone_5m_global.nc -setmisstonn /lustre/backup/WUR/ESG/data/MODEL_DATA/VIC/FORCING/VICWUR/WFDE5/daily/vp_daily_WFDE5_CRU/vp_daily_WFDE5_CRU_2007.nc (pipe1.1)".
cdo(2) sellonlatbox: Started child process "ifthen /lustre/nobackup/WUR/ESG/marin052/isimip3b/input/mask_5m_global.nc -remapbil,/lustre/nobackup/WUR/ESG/marin052/isimip3b/input/clone_5m_global.nc -setmisstonn /lustre/backup/WUR/ESG/data/MODEL_DATA/VIC/FORCING/VICWUR/WFDE5/daily/vp_daily_WFDE5_CRU/vp_daily_WFDE5_CRU_2007.nc (pipe2.1)".
cdo(3) ifthen: Started child process "remapbil,/lustre/nobackup/WUR/ESG/marin052/isimip3b/input/clone_5m_global.nc -setmisstonn /lustre/backup/WUR/ESG/data/MODEL_DATA/VIC/FORCING/VICWUR/WFDE5/daily/vp_daily_WFDE5_CRU/vp_daily_WFDE5_CRU_2007.nc (pipe3.1)".
cdo(4) remapbil: Started child process "setmisstonn /lustre/backup/WUR/ESG/data/MODEL_DATA/VIC/FORCING/VICWUR/WFDE5/daily/vp_daily_WFDE5_CRU/vp_daily_WFDE5_CRU_2007.nc (pipe4.1)".
cdo(3) ifthen: Filling up stream1 >/lustre/nobackup/WUR/ESG/marin052/isimip3b/input/mask_5m_global.nc< by copying the first timestep.
cdo(4) remapbil: SCRIP bilinear weights from lonlat (720x360) to lonlat (4320x1680) grid
cdo(5) setmisstonn: Processed 94608000 values from 1 variable over 365 timesteps [2623.80s]
cdo(4) remapbil: Processed 94608000 values from 1 variable over 365 timesteps [2623.87s]
cdo(3) ifthen: Processed 2656281600 values from 2 variables over 366 timesteps [2623.91s]
cdo(2) sellonlatbox: Processed 2649024000 values from 1 variable over 365 timesteps [2623.92s]
cdo setmissval: Processed 473040 values from 1 variable over 365 timesteps [2623.92s 1638MB]
cdo setmissval: Started child process "sellonlatbox,104,107,8.5,11.5 -ifthen /lustre/nobackup/WUR/ESG/marin052/isimip3b/input/mask_5m_global.nc -remapbil,/lustre/nobackup/WUR/ESG/marin052/isimip3b/input/clone_5m_global.nc -setmisstonn /lustre/backup/WUR/ESG/data/MODEL_DATA/VIC/FORCING/VICWUR/WFDE5/daily/vp_daily_WFDE5_CRU/vp_daily_WFDE5_CRU_2008.nc (pipe1.1)".
cdo(2) sellonlatbox: Started child process "ifthen /lustre/nobackup/WUR/ESG/marin052/isimip3b/input/mask_5m_global.nc -remapbil,/lustre/nobackup/WUR/ESG/marin052/isimip3b/input/clone_5m_global.nc -setmisstonn /lustre/backup/WUR/ESG/data/MODEL_DATA/VIC/FORCING/VICWUR/WFDE5/daily/vp_daily_WFDE5_CRU/vp_daily_WFDE5_CRU_2008.nc (pipe2.1)".
cdo(3) ifthen: Started child process "remapbil,/lustre/nobackup/WUR/ESG/marin052/isimip3b/input/clone_5m_global.nc -setmisstonn /lustre/backup/WUR/ESG/data/MODEL_DATA/VIC/FORCING/VICWUR/WFDE5/daily/vp_daily_WFDE5_CRU/vp_daily_WFDE5_CRU_2008.nc (pipe3.1)".
cdo(4) remapbil: Started child process "setmisstonn /lustre/backup/WUR/ESG/data/MODEL_DATA/VIC/FORCING/VICWUR/WFDE5/daily/vp_daily_WFDE5_CRU/vp_daily_WFDE5_CRU_2008.nc (pipe4.1)".
cdo(3) ifthen: Filling up stream1 >/lustre/nobackup/WUR/ESG/marin052/isimip3b/input/mask_5m_global.nc< by copying the first timestep.
cdo(4) remapbil: SCRIP bilinear weights from lonlat (720x360) to lonlat (4320x1680) grid
cdo(5) setmisstonn: Processed 94867200 values from 1 variable over 366 timesteps [2634.52s]
cdo(4) remapbil: Processed 94867200 values from 1 variable over 366 timesteps [2634.59s]
cdo(3) ifthen: Processed 2663539200 values from 2 variables over 367 timesteps [2634.62s]
cdo(2) sellonlatbox: Processed 2656281600 values from 1 variable over 366 timesteps [2634.63s]
cdo setmissval: Processed 474336 values from 1 variable over 366 timesteps [2634.63s 1638MB]
cdo setmissval: Started child process "sellonlatbox,104,107,8.5,11.5 -ifthen /lustre/nobackup/WUR/ESG/marin052/isimip3b/input/mask_5m_global.nc -remapbil,/lustre/nobackup/WUR/ESG/marin052/isimip3b/input/clone_5m_global.nc -setmisstonn /lustre/backup/WUR/ESG/data/MODEL_DATA/VIC/FORCING/VICWUR/WFDE5/daily/vp_daily_WFDE5_CRU/vp_daily_WFDE5_CRU_2009.nc (pipe1.1)".
cdo(2) sellonlatbox: Started child process "ifthen /lustre/nobackup/WUR/ESG/marin052/isimip3b/input/mask_5m_global.nc -remapbil,/lustre/nobackup/WUR/ESG/marin052/isimip3b/input/clone_5m_global.nc -setmisstonn /lustre/backup/WUR/ESG/data/MODEL_DATA/VIC/FORCING/VICWUR/WFDE5/daily/vp_daily_WFDE5_CRU/vp_daily_WFDE5_CRU_2009.nc (pipe2.1)".
cdo(3) ifthen: Started child process "remapbil,/lustre/nobackup/WUR/ESG/marin052/isimip3b/input/clone_5m_global.nc -setmisstonn /lustre/backup/WUR/ESG/data/MODEL_DATA/VIC/FORCING/VICWUR/WFDE5/daily/vp_daily_WFDE5_CRU/vp_daily_WFDE5_CRU_2009.nc (pipe3.1)".
cdo(4) remapbil: Started child process "setmisstonn /lustre/backup/WUR/ESG/data/MODEL_DATA/VIC/FORCING/VICWUR/WFDE5/daily/vp_daily_WFDE5_CRU/vp_daily_WFDE5_CRU_2009.nc (pipe4.1)".
cdo(3) ifthen: Filling up stream1 >/lustre/nobackup/WUR/ESG/marin052/isimip3b/input/mask_5m_global.nc< by copying the first timestep.
cdo(4) remapbil: SCRIP bilinear weights from lonlat (720x360) to lonlat (4320x1680) grid
cdo(5) setmisstonn: Processed 94608000 values from 1 variable over 365 timesteps [2628.13s]
cdo(4) remapbil: Processed 94608000 values from 1 variable over 365 timesteps [2628.18s]
cdo(3) ifthen: Processed 2656281600 values from 2 variables over 366 timesteps [2628.20s]
cdo(2) sellonlatbox: Processed 2649024000 values from 1 variable over 365 timesteps [2628.21s]
cdo setmissval: Processed 473040 values from 1 variable over 365 timesteps [2628.21s 1638MB]
cdo setmissval: Started child process "sellonlatbox,104,107,8.5,11.5 -ifthen /lustre/nobackup/WUR/ESG/marin052/isimip3b/input/mask_5m_global.nc -remapbil,/lustre/nobackup/WUR/ESG/marin052/isimip3b/input/clone_5m_global.nc -setmisstonn /lustre/backup/WUR/ESG/data/MODEL_DATA/VIC/FORCING/VICWUR/WFDE5/daily/vp_daily_WFDE5_CRU/vp_daily_WFDE5_CRU_2010.nc (pipe1.1)".
cdo(2) sellonlatbox: Started child process "ifthen /lustre/nobackup/WUR/ESG/marin052/isimip3b/input/mask_5m_global.nc -remapbil,/lustre/nobackup/WUR/ESG/marin052/isimip3b/input/clone_5m_global.nc -setmisstonn /lustre/backup/WUR/ESG/data/MODEL_DATA/VIC/FORCING/VICWUR/WFDE5/daily/vp_daily_WFDE5_CRU/vp_daily_WFDE5_CRU_2010.nc (pipe2.1)".
cdo(3) ifthen: Started child process "remapbil,/lustre/nobackup/WUR/ESG/marin052/isimip3b/input/clone_5m_global.nc -setmisstonn /lustre/backup/WUR/ESG/data/MODEL_DATA/VIC/FORCING/VICWUR/WFDE5/daily/vp_daily_WFDE5_CRU/vp_daily_WFDE5_CRU_2010.nc (pipe3.1)".
cdo(4) remapbil: Started child process "setmisstonn /lustre/backup/WUR/ESG/data/MODEL_DATA/VIC/FORCING/VICWUR/WFDE5/daily/vp_daily_WFDE5_CRU/vp_daily_WFDE5_CRU_2010.nc (pipe4.1)".
cdo(3) ifthen: Filling up stream1 >/lustre/nobackup/WUR/ESG/marin052/isimip3b/input/mask_5m_global.nc< by copying the first timestep.
cdo(4) remapbil: SCRIP bilinear weights from lonlat (720x360) to lonlat (4320x1680) grid
cdo(5) setmisstonn: Processed 94608000 values from 1 variable over 365 timesteps [2623.47s]
cdo(4) remapbil: Processed 94608000 values from 1 variable over 365 timesteps [2623.53s]
cdo(3) ifthen: Processed 2656281600 values from 2 variables over 366 timesteps [2623.56s]
cdo(2) sellonlatbox: Processed 2649024000 values from 1 variable over 365 timesteps [2623.56s]
cdo setmissval: Processed 473040 values from 1 variable over 365 timesteps [2623.56s 1638MB]
cdo setmissval: Started child process "sellonlatbox,104,107,8.5,11.5 -ifthen /lustre/nobackup/WUR/ESG/marin052/isimip3b/input/mask_5m_global.nc -remapbil,/lustre/nobackup/WUR/ESG/marin052/isimip3b/input/clone_5m_global.nc -setmisstonn /lustre/backup/WUR/ESG/data/MODEL_DATA/VIC/FORCING/VICWUR/WFDE5/daily/vp_daily_WFDE5_CRU/vp_daily_WFDE5_CRU_2011.nc (pipe1.1)".
cdo(2) sellonlatbox: Started child process "ifthen /lustre/nobackup/WUR/ESG/marin052/isimip3b/input/mask_5m_global.nc -remapbil,/lustre/nobackup/WUR/ESG/marin052/isimip3b/input/clone_5m_global.nc -setmisstonn /lustre/backup/WUR/ESG/data/MODEL_DATA/VIC/FORCING/VICWUR/WFDE5/daily/vp_daily_WFDE5_CRU/vp_daily_WFDE5_CRU_2011.nc (pipe2.1)".
cdo(3) ifthen: Started child process "remapbil,/lustre/nobackup/WUR/ESG/marin052/isimip3b/input/clone_5m_global.nc -setmisstonn /lustre/backup/WUR/ESG/data/MODEL_DATA/VIC/FORCING/VICWUR/WFDE5/daily/vp_daily_WFDE5_CRU/vp_daily_WFDE5_CRU_2011.nc (pipe3.1)".
cdo(4) remapbil: Started child process "setmisstonn /lustre/backup/WUR/ESG/data/MODEL_DATA/VIC/FORCING/VICWUR/WFDE5/daily/vp_daily_WFDE5_CRU/vp_daily_WFDE5_CRU_2011.nc (pipe4.1)".
cdo(3) ifthen: Filling up stream1 >/lustre/nobackup/WUR/ESG/marin052/isimip3b/input/mask_5m_global.nc< by copying the first timestep.
cdo(4) remapbil: SCRIP bilinear weights from lonlat (720x360) to lonlat (4320x1680) grid
cdo(5) setmisstonn: Processed 94608000 values from 1 variable over 365 timesteps [2624.59s]
cdo(4) remapbil: Processed 94608000 values from 1 variable over 365 timesteps [2624.66s]
cdo(3) ifthen: Processed 2656281600 values from 2 variables over 366 timesteps [2624.69s]
cdo(2) sellonlatbox: Processed 2649024000 values from 1 variable over 365 timesteps [2624.69s]
cdo setmissval: Processed 473040 values from 1 variable over 365 timesteps [2624.69s 1639MB]
cdo setmissval: Started child process "sellonlatbox,104,107,8.5,11.5 -ifthen /lustre/nobackup/WUR/ESG/marin052/isimip3b/input/mask_5m_global.nc -remapbil,/lustre/nobackup/WUR/ESG/marin052/isimip3b/input/clone_5m_global.nc -setmisstonn /lustre/backup/WUR/ESG/data/MODEL_DATA/VIC/FORCING/VICWUR/WFDE5/daily/vp_daily_WFDE5_CRU/vp_daily_WFDE5_CRU_2012.nc (pipe1.1)".
cdo(2) sellonlatbox: Started child process "ifthen /lustre/nobackup/WUR/ESG/marin052/isimip3b/input/mask_5m_global.nc -remapbil,/lustre/nobackup/WUR/ESG/marin052/isimip3b/input/clone_5m_global.nc -setmisstonn /lustre/backup/WUR/ESG/data/MODEL_DATA/VIC/FORCING/VICWUR/WFDE5/daily/vp_daily_WFDE5_CRU/vp_daily_WFDE5_CRU_2012.nc (pipe2.1)".
cdo(3) ifthen: Started child process "remapbil,/lustre/nobackup/WUR/ESG/marin052/isimip3b/input/clone_5m_global.nc -setmisstonn /lustre/backup/WUR/ESG/data/MODEL_DATA/VIC/FORCING/VICWUR/WFDE5/daily/vp_daily_WFDE5_CRU/vp_daily_WFDE5_CRU_2012.nc (pipe3.1)".
cdo(4) remapbil: Started child process "setmisstonn /lustre/backup/WUR/ESG/data/MODEL_DATA/VIC/FORCING/VICWUR/WFDE5/daily/vp_daily_WFDE5_CRU/vp_daily_WFDE5_CRU_2012.nc (pipe4.1)".
cdo(3) ifthen: Filling up stream1 >/lustre/nobackup/WUR/ESG/marin052/isimip3b/input/mask_5m_global.nc< by copying the first timestep.
cdo(4) remapbil: SCRIP bilinear weights from lonlat (720x360) to lonlat (4320x1680) grid
cdo(5) setmisstonn: Processed 94867200 values from 1 variable over 366 timesteps [2632.74s]
cdo(4) remapbil: Processed 94867200 values from 1 variable over 366 timesteps [2632.82s]
cdo(3) ifthen: Processed 2663539200 values from 2 variables over 367 timesteps [2632.86s]
cdo(2) sellonlatbox: Processed 2656281600 values from 1 variable over 366 timesteps [2632.86s]
cdo setmissval: Processed 474336 values from 1 variable over 366 timesteps [2632.86s 1638MB]
cdo setmissval: Started child process "sellonlatbox,104,107,8.5,11.5 -ifthen /lustre/nobackup/WUR/ESG/marin052/isimip3b/input/mask_5m_global.nc -remapbil,/lustre/nobackup/WUR/ESG/marin052/isimip3b/input/clone_5m_global.nc -setmisstonn /lustre/backup/WUR/ESG/data/MODEL_DATA/VIC/FORCING/VICWUR/WFDE5/daily/vp_daily_WFDE5_CRU/vp_daily_WFDE5_CRU_2013.nc (pipe1.1)".
cdo(2) sellonlatbox: Started child process "ifthen /lustre/nobackup/WUR/ESG/marin052/isimip3b/input/mask_5m_global.nc -remapbil,/lustre/nobackup/WUR/ESG/marin052/isimip3b/input/clone_5m_global.nc -setmisstonn /lustre/backup/WUR/ESG/data/MODEL_DATA/VIC/FORCING/VICWUR/WFDE5/daily/vp_daily_WFDE5_CRU/vp_daily_WFDE5_CRU_2013.nc (pipe2.1)".
cdo(3) ifthen: Started child process "remapbil,/lustre/nobackup/WUR/ESG/marin052/isimip3b/input/clone_5m_global.nc -setmisstonn /lustre/backup/WUR/ESG/data/MODEL_DATA/VIC/FORCING/VICWUR/WFDE5/daily/vp_daily_WFDE5_CRU/vp_daily_WFDE5_CRU_2013.nc (pipe3.1)".
cdo(4) remapbil: Started child process "setmisstonn /lustre/backup/WUR/ESG/data/MODEL_DATA/VIC/FORCING/VICWUR/WFDE5/daily/vp_daily_WFDE5_CRU/vp_daily_WFDE5_CRU_2013.nc (pipe4.1)".
cdo(3) ifthen: Filling up stream1 >/lustre/nobackup/WUR/ESG/marin052/isimip3b/input/mask_5m_global.nc< by copying the first timestep.
cdo(4) remapbil: SCRIP bilinear weights from lonlat (720x360) to lonlat (4320x1680) grid
cdo(5) setmisstonn: Processed 94608000 values from 1 variable over 365 timesteps [2624.32s]
cdo(4) remapbil: Processed 94608000 values from 1 variable over 365 timesteps [2624.40s]
cdo(3) ifthen: Processed 2656281600 values from 2 variables over 366 timesteps [2624.43s]
cdo(2) sellonlatbox: Processed 2649024000 values from 1 variable over 365 timesteps [2624.45s]
cdo setmissval: Processed 473040 values from 1 variable over 365 timesteps [2624.45s 1639MB]
cdo setmissval: Started child process "sellonlatbox,104,107,8.5,11.5 -ifthen /lustre/nobackup/WUR/ESG/marin052/isimip3b/input/mask_5m_global.nc -remapbil,/lustre/nobackup/WUR/ESG/marin052/isimip3b/input/clone_5m_global.nc -setmisstonn /lustre/backup/WUR/ESG/data/MODEL_DATA/VIC/FORCING/VICWUR/WFDE5/daily/vp_daily_WFDE5_CRU/vp_daily_WFDE5_CRU_2014.nc (pipe1.1)".
cdo(2) sellonlatbox: Started child process "ifthen /lustre/nobackup/WUR/ESG/marin052/isimip3b/input/mask_5m_global.nc -remapbil,/lustre/nobackup/WUR/ESG/marin052/isimip3b/input/clone_5m_global.nc -setmisstonn /lustre/backup/WUR/ESG/data/MODEL_DATA/VIC/FORCING/VICWUR/WFDE5/daily/vp_daily_WFDE5_CRU/vp_daily_WFDE5_CRU_2014.nc (pipe2.1)".
cdo(3) ifthen: Started child process "remapbil,/lustre/nobackup/WUR/ESG/marin052/isimip3b/input/clone_5m_global.nc -setmisstonn /lustre/backup/WUR/ESG/data/MODEL_DATA/VIC/FORCING/VICWUR/WFDE5/daily/vp_daily_WFDE5_CRU/vp_daily_WFDE5_CRU_2014.nc (pipe3.1)".
cdo(4) remapbil: Started child process "setmisstonn /lustre/backup/WUR/ESG/data/MODEL_DATA/VIC/FORCING/VICWUR/WFDE5/daily/vp_daily_WFDE5_CRU/vp_daily_WFDE5_CRU_2014.nc (pipe4.1)".
cdo(3) ifthen: Filling up stream1 >/lustre/nobackup/WUR/ESG/marin052/isimip3b/input/mask_5m_global.nc< by copying the first timestep.
cdo(4) remapbil: SCRIP bilinear weights from lonlat (720x360) to lonlat (4320x1680) grid
cdo(5) setmisstonn: Processed 94608000 values from 1 variable over 365 timesteps [2624.44s]
cdo(4) remapbil: Processed 94608000 values from 1 variable over 365 timesteps [2624.51s]
cdo(3) ifthen: Processed 2656281600 values from 2 variables over 366 timesteps [2624.53s]
cdo(2) sellonlatbox: Processed 2649024000 values from 1 variable over 365 timesteps [2624.53s]
cdo setmissval: Processed 473040 values from 1 variable over 365 timesteps [2624.53s 1638MB]
cdo setmissval: Started child process "sellonlatbox,104,107,8.5,11.5 -ifthen /lustre/nobackup/WUR/ESG/marin052/isimip3b/input/mask_5m_global.nc -remapbil,/lustre/nobackup/WUR/ESG/marin052/isimip3b/input/clone_5m_global.nc -setmisstonn /lustre/backup/WUR/ESG/data/MODEL_DATA/VIC/FORCING/VICWUR/WFDE5/daily/vp_daily_WFDE5_CRU/vp_daily_WFDE5_CRU_2015.nc (pipe1.1)".
cdo(2) sellonlatbox: Started child process "ifthen /lustre/nobackup/WUR/ESG/marin052/isimip3b/input/mask_5m_global.nc -remapbil,/lustre/nobackup/WUR/ESG/marin052/isimip3b/input/clone_5m_global.nc -setmisstonn /lustre/backup/WUR/ESG/data/MODEL_DATA/VIC/FORCING/VICWUR/WFDE5/daily/vp_daily_WFDE5_CRU/vp_daily_WFDE5_CRU_2015.nc (pipe2.1)".
cdo(3) ifthen: Started child process "remapbil,/lustre/nobackup/WUR/ESG/marin052/isimip3b/input/clone_5m_global.nc -setmisstonn /lustre/backup/WUR/ESG/data/MODEL_DATA/VIC/FORCING/VICWUR/WFDE5/daily/vp_daily_WFDE5_CRU/vp_daily_WFDE5_CRU_2015.nc (pipe3.1)".
cdo(4) remapbil: Started child process "setmisstonn /lustre/backup/WUR/ESG/data/MODEL_DATA/VIC/FORCING/VICWUR/WFDE5/daily/vp_daily_WFDE5_CRU/vp_daily_WFDE5_CRU_2015.nc (pipe4.1)".
cdo(3) ifthen: Filling up stream1 >/lustre/nobackup/WUR/ESG/marin052/isimip3b/input/mask_5m_global.nc< by copying the first timestep.
cdo(4) remapbil: SCRIP bilinear weights from lonlat (720x360) to lonlat (4320x1680) grid
cdo(5) setmisstonn: Processed 94608000 values from 1 variable over 365 timesteps [2623.73s]
cdo(4) remapbil: Processed 94608000 values from 1 variable over 365 timesteps [2623.78s]
cdo(3) ifthen: Processed 2656281600 values from 2 variables over 366 timesteps [2623.81s]
cdo(2) sellonlatbox: Processed 2649024000 values from 1 variable over 365 timesteps [2623.82s]
cdo setmissval: Processed 473040 values from 1 variable over 365 timesteps [2623.82s 1638MB]
cdo setmissval: Started child process "sellonlatbox,104,107,8.5,11.5 -ifthen /lustre/nobackup/WUR/ESG/marin052/isimip3b/input/mask_5m_global.nc -remapbil,/lustre/nobackup/WUR/ESG/marin052/isimip3b/input/clone_5m_global.nc -setmisstonn /lustre/backup/WUR/ESG/data/MODEL_DATA/VIC/FORCING/VICWUR/WFDE5/daily/vp_daily_WFDE5_CRU/vp_daily_WFDE5_CRU_2016.nc (pipe1.1)".
cdo(2) sellonlatbox: Started child process "ifthen /lustre/nobackup/WUR/ESG/marin052/isimip3b/input/mask_5m_global.nc -remapbil,/lustre/nobackup/WUR/ESG/marin052/isimip3b/input/clone_5m_global.nc -setmisstonn /lustre/backup/WUR/ESG/data/MODEL_DATA/VIC/FORCING/VICWUR/WFDE5/daily/vp_daily_WFDE5_CRU/vp_daily_WFDE5_CRU_2016.nc (pipe2.1)".
cdo(3) ifthen: Started child process "remapbil,/lustre/nobackup/WUR/ESG/marin052/isimip3b/input/clone_5m_global.nc -setmisstonn /lustre/backup/WUR/ESG/data/MODEL_DATA/VIC/FORCING/VICWUR/WFDE5/daily/vp_daily_WFDE5_CRU/vp_daily_WFDE5_CRU_2016.nc (pipe3.1)".
cdo(4) remapbil: Started child process "setmisstonn /lustre/backup/WUR/ESG/data/MODEL_DATA/VIC/FORCING/VICWUR/WFDE5/daily/vp_daily_WFDE5_CRU/vp_daily_WFDE5_CRU_2016.nc (pipe4.1)".
cdo(3) ifthen: Filling up stream1 >/lustre/nobackup/WUR/ESG/marin052/isimip3b/input/mask_5m_global.nc< by copying the first timestep.
cdo(4) remapbil: SCRIP bilinear weights from lonlat (720x360) to lonlat (4320x1680) grid
cdo(5) setmisstonn: Processed 94867200 values from 1 variable over 366 timesteps [2628.66s]
cdo(4) remapbil: Processed 94867200 values from 1 variable over 366 timesteps [2628.71s]
cdo(3) ifthen: Processed 2663539200 values from 2 variables over 367 timesteps [2628.74s]
cdo(2) sellonlatbox: Processed 2656281600 values from 1 variable over 366 timesteps [2628.74s]
cdo setmissval: Processed 474336 values from 1 variable over 366 timesteps [2628.74s 1639MB]
cdo setmissval: Started child process "sellonlatbox,104,107,8.5,11.5 -ifthen /lustre/nobackup/WUR/ESG/marin052/isimip3b/input/mask_5m_global.nc -remapbil,/lustre/nobackup/WUR/ESG/marin052/isimip3b/input/clone_5m_global.nc -setmisstonn /lustre/backup/WUR/ESG/data/MODEL_DATA/VIC/FORCING/VICWUR/WFDE5/daily/vp_daily_WFDE5_CRU/vp_daily_WFDE5_CRU_2017.nc (pipe1.1)".
cdo(2) sellonlatbox: Started child process "ifthen /lustre/nobackup/WUR/ESG/marin052/isimip3b/input/mask_5m_global.nc -remapbil,/lustre/nobackup/WUR/ESG/marin052/isimip3b/input/clone_5m_global.nc -setmisstonn /lustre/backup/WUR/ESG/data/MODEL_DATA/VIC/FORCING/VICWUR/WFDE5/daily/vp_daily_WFDE5_CRU/vp_daily_WFDE5_CRU_2017.nc (pipe2.1)".
cdo(3) ifthen: Started child process "remapbil,/lustre/nobackup/WUR/ESG/marin052/isimip3b/input/clone_5m_global.nc -setmisstonn /lustre/backup/WUR/ESG/data/MODEL_DATA/VIC/FORCING/VICWUR/WFDE5/daily/vp_daily_WFDE5_CRU/vp_daily_WFDE5_CRU_2017.nc (pipe3.1)".
cdo(4) remapbil: Started child process "setmisstonn /lustre/backup/WUR/ESG/data/MODEL_DATA/VIC/FORCING/VICWUR/WFDE5/daily/vp_daily_WFDE5_CRU/vp_daily_WFDE5_CRU_2017.nc (pipe4.1)".
cdo(3) ifthen: Filling up stream1 >/lustre/nobackup/WUR/ESG/marin052/isimip3b/input/mask_5m_global.nc< by copying the first timestep.
cdo(4) remapbil: SCRIP bilinear weights from lonlat (720x360) to lonlat (4320x1680) grid
cdo(5) setmisstonn: Processed 94608000 values from 1 variable over 365 timesteps [2622.73s]
cdo(4) remapbil: Processed 94608000 values from 1 variable over 365 timesteps [2622.78s]
cdo(3) ifthen: Processed 2656281600 values from 2 variables over 366 timesteps [2622.81s]
cdo(2) sellonlatbox: Processed 2649024000 values from 1 variable over 365 timesteps [2622.82s]
cdo setmissval: Processed 473040 values from 1 variable over 365 timesteps [2622.83s 1638MB]
cdo setmissval: Started child process "sellonlatbox,104,107,8.5,11.5 -ifthen /lustre/nobackup/WUR/ESG/marin052/isimip3b/input/mask_5m_global.nc -remapbil,/lustre/nobackup/WUR/ESG/marin052/isimip3b/input/clone_5m_global.nc -setmisstonn /lustre/backup/WUR/ESG/data/MODEL_DATA/VIC/FORCING/VICWUR/WFDE5/daily/vp_daily_WFDE5_CRU/vp_daily_WFDE5_CRU_2018.nc (pipe1.1)".
cdo(2) sellonlatbox: Started child process "ifthen /lustre/nobackup/WUR/ESG/marin052/isimip3b/input/mask_5m_global.nc -remapbil,/lustre/nobackup/WUR/ESG/marin052/isimip3b/input/clone_5m_global.nc -setmisstonn /lustre/backup/WUR/ESG/data/MODEL_DATA/VIC/FORCING/VICWUR/WFDE5/daily/vp_daily_WFDE5_CRU/vp_daily_WFDE5_CRU_2018.nc (pipe2.1)".
cdo(3) ifthen: Started child process "remapbil,/lustre/nobackup/WUR/ESG/marin052/isimip3b/input/clone_5m_global.nc -setmisstonn /lustre/backup/WUR/ESG/data/MODEL_DATA/VIC/FORCING/VICWUR/WFDE5/daily/vp_daily_WFDE5_CRU/vp_daily_WFDE5_CRU_2018.nc (pipe3.1)".
cdo(4) remapbil: Started child process "setmisstonn /lustre/backup/WUR/ESG/data/MODEL_DATA/VIC/FORCING/VICWUR/WFDE5/daily/vp_daily_WFDE5_CRU/vp_daily_WFDE5_CRU_2018.nc (pipe4.1)".
cdo(3) ifthen: Filling up stream1 >/lustre/nobackup/WUR/ESG/marin052/isimip3b/input/mask_5m_global.nc< by copying the first timestep.
cdo(4) remapbil: SCRIP bilinear weights from lonlat (720x360) to lonlat (4320x1680) grid
cdo(5) setmisstonn: Processed 94608000 values from 1 variable over 365 timesteps [2621.33s]
cdo(4) remapbil: Processed 94608000 values from 1 variable over 365 timesteps [2621.38s]
cdo(3) ifthen: Processed 2656281600 values from 2 variables over 366 timesteps [2621.43s]
cdo(2) sellonlatbox: Processed 2649024000 values from 1 variable over 365 timesteps [2621.43s]
cdo setmissval: Processed 473040 values from 1 variable over 365 timesteps [2621.43s 1639MB]
cdo setmissval: Started child process "sellonlatbox,104,107,8.5,11.5 -ifthen /lustre/nobackup/WUR/ESG/marin052/isimip3b/input/mask_5m_global.nc -remapbil,/lustre/nobackup/WUR/ESG/marin052/isimip3b/input/clone_5m_global.nc -setmisstonn /lustre/backup/WUR/ESG/data/MODEL_DATA/VIC/FORCING/VICWUR/WFDE5/daily/vp_daily_WFDE5_CRU/vp_daily_WFDE5_CRU_2019.nc (pipe1.1)".
cdo(2) sellonlatbox: Started child process "ifthen /lustre/nobackup/WUR/ESG/marin052/isimip3b/input/mask_5m_global.nc -remapbil,/lustre/nobackup/WUR/ESG/marin052/isimip3b/input/clone_5m_global.nc -setmisstonn /lustre/backup/WUR/ESG/data/MODEL_DATA/VIC/FORCING/VICWUR/WFDE5/daily/vp_daily_WFDE5_CRU/vp_daily_WFDE5_CRU_2019.nc (pipe2.1)".
cdo(3) ifthen: Started child process "remapbil,/lustre/nobackup/WUR/ESG/marin052/isimip3b/input/clone_5m_global.nc -setmisstonn /lustre/backup/WUR/ESG/data/MODEL_DATA/VIC/FORCING/VICWUR/WFDE5/daily/vp_daily_WFDE5_CRU/vp_daily_WFDE5_CRU_2019.nc (pipe3.1)".
cdo(4) remapbil: Started child process "setmisstonn /lustre/backup/WUR/ESG/data/MODEL_DATA/VIC/FORCING/VICWUR/WFDE5/daily/vp_daily_WFDE5_CRU/vp_daily_WFDE5_CRU_2019.nc (pipe4.1)".
cdo(3) ifthen: Filling up stream1 >/lustre/nobackup/WUR/ESG/marin052/isimip3b/input/mask_5m_global.nc< by copying the first timestep.
cdo(4) remapbil: SCRIP bilinear weights from lonlat (720x360) to lonlat (4320x1680) grid
cdo(5) setmisstonn: Processed 94608000 values from 1 variable over 365 timesteps [2624.60s]
cdo(4) remapbil: Processed 94608000 values from 1 variable over 365 timesteps [2624.65s]
cdo(3) ifthen: Processed 2656281600 values from 2 variables over 366 timesteps [2624.67s]
cdo(2) sellonlatbox: Processed 2649024000 values from 1 variable over 365 timesteps [2624.68s]
cdo setmissval: Processed 473040 values from 1 variable over 365 timesteps [2624.68s 1639MB]
